<?xml version="1.0" encoding="UTF-8"?>
<testsuite name="TrainingTest" tests="1" skipped="0" failures="0" errors="0" timestamp="2023-07-31T19:03:54" hostname="salonica" time="0.299">
  <properties/>
  <testcase name="train_all" classname="TrainingTest" time="0.299"/>
  <system-out><![CDATA[Running Full Local Test...
Working Directory = /home/spyros/MPC-PPDT-training
Last attribute:cumulativefailuretime
--
0 1 
Last attribute:cumulativefailuretime
--
0 1 
Last attribute:cumulativefailuretime
--
0 1 
Last attribute:cumulativefailuretime
--
0 1 
Last attribute:class
--
1 8 
--
2 8 
--
3 8 
--
4 8 
--
5 8 
--
6 8 
--
7 8 
Last attribute:Class
--
1 2 3 4 29 
--
5 6 7 8 29 
--
9 10 11 12 29 
--
13 14 15 16 29 
--
17 18 19 20 29 
--
21 22 23 24 29 
--
25 26 27 28 29 
Last attribute:class
--
0 1 2 3 4 
Last attribute:class
--
0 1 2 
Last attribute:class
--
1 2 16 
--
3 4 16 
--
5 6 16 
--
7 8 16 
--
9 10 16 
--
11 12 16 
--
13 14 15 16 
Last attribute:Class
--
1 2 3 4 29 
--
5 6 7 8 29 
--
9 10 11 12 29 
--
13 14 15 16 29 
--
17 18 19 20 29 
--
21 22 23 24 29 
--
25 26 27 28 29 
]]></system-out>
  <system-err><![CDATA[]]></system-err>
</testsuite>
